{"numTotalTestSuites":2,"numPassedTestSuites":0,"numFailedTestSuites":2,"numPendingTestSuites":0,"numTotalTests":3,"numPassedTests":2,"numFailedTests":1,"numPendingTests":0,"numTodoTests":0,"snapshot":{"added":0,"failure":false,"filesAdded":0,"filesRemoved":0,"filesRemovedList":[],"filesUnmatched":0,"filesUpdated":0,"matched":0,"total":0,"unchecked":0,"uncheckedKeysByFile":[],"unmatched":0,"updated":0,"didUpdate":false},"startTime":1774974883763,"success":false,"testResults":[{"assertionResults":[{"ancestorTitles":["VideoPlayer Auto-Hide Controls"],"fullName":"VideoPlayer Auto-Hide Controls controls should stay visible when paused","status":"passed","title":"controls should stay visible when paused","duration":33.31380000000013,"failureMessages":[],"meta":{},"tags":[]},{"ancestorTitles":["VideoPlayer Auto-Hide Controls"],"fullName":"VideoPlayer Auto-Hide Controls controls should hide after 5 seconds of playing with no mouse movement","status":"passed","title":"controls should hide after 5 seconds of playing with no mouse movement","duration":14.88429999999994,"failureMessages":[],"meta":{},"tags":[]},{"ancestorTitles":["VideoPlayer Auto-Hide Controls"],"fullName":"VideoPlayer Auto-Hide Controls mouse movement should show controls and reset hide timer","status":"failed","title":"mouse movement should show controls and reset hide timer","duration":11.317900000000009,"failureMessages":["AssertionError: expected 'relative z-20 px-4 pb-4 pt-6 bg-linea…' to contain 'opacity-100'\n    at D:/Dev/Code/QTcinema/src/components/__tests__/VideoPlayer.test.jsx:98:41\n    at file:///D:/Dev/Code/QTcinema/node_modules/@vitest/runner/dist/chunk-artifact.js:302:11\n    at file:///D:/Dev/Code/QTcinema/node_modules/@vitest/runner/dist/chunk-artifact.js:1893:26\n    at file:///D:/Dev/Code/QTcinema/node_modules/@vitest/runner/dist/chunk-artifact.js:2316:20\n    at new Promise (<anonymous>)\n    at runWithCancel (file:///D:/Dev/Code/QTcinema/node_modules/@vitest/runner/dist/chunk-artifact.js:2313:10)\n    at file:///D:/Dev/Code/QTcinema/node_modules/@vitest/runner/dist/chunk-artifact.js:2295:20\n    at new Promise (<anonymous>)\n    at runWithTimeout (file:///D:/Dev/Code/QTcinema/node_modules/@vitest/runner/dist/chunk-artifact.js:2262:10)\n    at file:///D:/Dev/Code/QTcinema/node_modules/@vitest/runner/dist/chunk-artifact.js:2945:64"],"meta":{},"tags":[]}],"startTime":1774974884909,"endTime":1774974884968.3179,"status":"failed","message":"","name":"D:/Dev/Code/QTcinema/src/components/__tests__/VideoPlayer.test.jsx"}]}